{"C:\\Applic\\Server\\DBNode-4.0.0-beta-3\\htdocs\\__Projects\\utilities\\submodules\\xassist-array\\dist\\xAssist-array.js":{"path":"C:\\Applic\\Server\\DBNode-4.0.0-beta-3\\htdocs\\__Projects\\utilities\\submodules\\xassist-array\\dist\\xAssist-array.js","s":{"1":1,"2":1,"3":1,"4":3,"5":3,"6":2,"7":1,"8":1,"9":2,"10":15,"11":8,"12":7,"13":15,"14":1,"15":4,"16":4,"17":1,"18":3,"19":3,"20":1,"21":2,"22":6,"23":4,"24":36,"25":36,"26":12,"27":24,"28":4,"29":1,"30":4,"31":1,"32":1},"b":{"1":[1,0],"2":[1,1],"3":[0,0],"4":[0,0],"5":[0,0],"6":[2,1],"7":[2,1],"8":[3,2],"9":[8,7],"10":[15,13],"11":[1,3],"12":[1,2],"13":[12,24],"14":[36,32]},"f":{"1":1,"2":1,"3":3,"4":2,"5":15,"6":4,"7":3,"8":6,"9":4},"fnMap":{"1":{"name":"(anonymous_1)","line":4,"loc":{"start":{"line":4,"column":1},"end":{"line":4,"column":28}}},"2":{"name":"(anonymous_2)","line":8,"loc":{"start":{"line":8,"column":9},"end":{"line":8,"column":28}}},"3":{"name":"pushUnique","line":10,"loc":{"start":{"line":10,"column":0},"end":{"line":10,"column":35}}},"4":{"name":"groupSequence","line":20,"loc":{"start":{"line":20,"column":0},"end":{"line":20,"column":35}}},"5":{"name":"(anonymous_5)","line":23,"loc":{"start":{"line":23,"column":19},"end":{"line":23,"column":53}}},"6":{"name":"replaceNull","line":36,"loc":{"start":{"line":36,"column":0},"end":{"line":36,"column":34}}},"7":{"name":"(anonymous_7)","line":41,"loc":{"start":{"line":41,"column":12},"end":{"line":41,"column":25}}},"8":{"name":"(anonymous_8)","line":47,"loc":{"start":{"line":47,"column":12},"end":{"line":47,"column":22}}},"9":{"name":"array","line":59,"loc":{"start":{"line":59,"column":0},"end":{"line":59,"column":19}}}},"statementMap":{"1":{"start":{"line":4,"column":0},"end":{"line":71,"column":5}},"2":{"start":{"line":5,"column":1},"end":{"line":7,"column":42}},"3":{"start":{"line":10,"column":0},"end":{"line":19,"column":1}},"4":{"start":{"line":11,"column":1},"end":{"line":11,"column":52}},"5":{"start":{"line":12,"column":1},"end":{"line":18,"column":2}},"6":{"start":{"line":13,"column":2},"end":{"line":13,"column":23}},"7":{"start":{"line":17,"column":2},"end":{"line":17,"column":20}},"8":{"start":{"line":20,"column":0},"end":{"line":35,"column":1}},"9":{"start":{"line":23,"column":1},"end":{"line":34,"column":7}},"10":{"start":{"line":25,"column":2},"end":{"line":32,"column":3}},"11":{"start":{"line":27,"column":3},"end":{"line":27,"column":39}},"12":{"start":{"line":31,"column":3},"end":{"line":31,"column":24}},"13":{"start":{"line":33,"column":2},"end":{"line":33,"column":16}},"14":{"start":{"line":36,"column":0},"end":{"line":58,"column":1}},"15":{"start":{"line":39,"column":1},"end":{"line":39,"column":25}},"16":{"start":{"line":40,"column":1},"end":{"line":48,"column":2}},"17":{"start":{"line":41,"column":2},"end":{"line":41,"column":46}},"18":{"start":{"line":41,"column":26},"end":{"line":41,"column":44}},"19":{"start":{"line":43,"column":6},"end":{"line":48,"column":2}},"20":{"start":{"line":44,"column":2},"end":{"line":44,"column":21}},"21":{"start":{"line":47,"column":2},"end":{"line":47,"column":40}},"22":{"start":{"line":47,"column":23},"end":{"line":47,"column":38}},"23":{"start":{"line":49,"column":1},"end":{"line":57,"column":2}},"24":{"start":{"line":50,"column":2},"end":{"line":50,"column":15}},"25":{"start":{"line":51,"column":2},"end":{"line":56,"column":3}},"26":{"start":{"line":52,"column":3},"end":{"line":52,"column":31}},"27":{"start":{"line":55,"column":3},"end":{"line":55,"column":18}},"28":{"start":{"line":57,"column":3},"end":{"line":57,"column":17}},"29":{"start":{"line":59,"column":0},"end":{"line":65,"column":1}},"30":{"start":{"line":60,"column":1},"end":{"line":64,"column":3}},"31":{"start":{"line":67,"column":0},"end":{"line":67,"column":22}},"32":{"start":{"line":69,"column":0},"end":{"line":69,"column":62}}},"branchMap":{"1":{"line":5,"type":"cond-expr","locations":[{"start":{"line":5,"column":64},"end":{"line":5,"column":80}},{"start":{"line":6,"column":1},"end":{"line":7,"column":41}}]},"2":{"line":5,"type":"binary-expr","locations":[{"start":{"line":5,"column":1},"end":{"line":5,"column":28}},{"start":{"line":5,"column":32},"end":{"line":5,"column":61}}]},"3":{"line":6,"type":"cond-expr","locations":[{"start":{"line":6,"column":46},"end":{"line":6,"column":74}},{"start":{"line":7,"column":2},"end":{"line":7,"column":40}}]},"4":{"line":6,"type":"binary-expr","locations":[{"start":{"line":6,"column":1},"end":{"line":6,"column":29}},{"start":{"line":6,"column":33},"end":{"line":6,"column":43}}]},"5":{"line":7,"type":"binary-expr","locations":[{"start":{"line":7,"column":23},"end":{"line":7,"column":32}},{"start":{"line":7,"column":36},"end":{"line":7,"column":38}}]},"6":{"line":11,"type":"cond-expr","locations":[{"start":{"line":11,"column":37},"end":{"line":11,"column":41}},{"start":{"line":11,"column":42},"end":{"line":11,"column":50}}]},"7":{"line":12,"type":"if","locations":[{"start":{"line":12,"column":1},"end":{"line":12,"column":1}},{"start":{"line":12,"column":1},"end":{"line":12,"column":1}}]},"8":{"line":12,"type":"binary-expr","locations":[{"start":{"line":12,"column":4},"end":{"line":12,"column":11}},{"start":{"line":12,"column":15},"end":{"line":12,"column":36}}]},"9":{"line":25,"type":"if","locations":[{"start":{"line":25,"column":2},"end":{"line":25,"column":2}},{"start":{"line":25,"column":2},"end":{"line":25,"column":2}}]},"10":{"line":25,"type":"binary-expr","locations":[{"start":{"line":25,"column":5},"end":{"line":25,"column":10}},{"start":{"line":25,"column":12},"end":{"line":25,"column":41}}]},"11":{"line":40,"type":"if","locations":[{"start":{"line":40,"column":1},"end":{"line":40,"column":1}},{"start":{"line":40,"column":1},"end":{"line":40,"column":1}}]},"12":{"line":43,"type":"if","locations":[{"start":{"line":43,"column":6},"end":{"line":43,"column":6}},{"start":{"line":43,"column":6},"end":{"line":43,"column":6}}]},"13":{"line":51,"type":"if","locations":[{"start":{"line":51,"column":2},"end":{"line":51,"column":2}},{"start":{"line":51,"column":2},"end":{"line":51,"column":2}}]},"14":{"line":51,"type":"binary-expr","locations":[{"start":{"line":51,"column":6},"end":{"line":51,"column":14}},{"start":{"line":51,"column":16},"end":{"line":51,"column":38}}]}}}}