{"C:\\Applic\\Server\\DBNode-4.0.0-beta-3\\htdocs\\__Projects\\utilities\\submodules\\xassist-array\\dist\\xAssist-array.js":{"path":"C:\\Applic\\Server\\DBNode-4.0.0-beta-3\\htdocs\\__Projects\\utilities\\submodules\\xassist-array\\dist\\xAssist-array.js","s":{"1":1,"2":1,"3":1,"4":3,"5":3,"6":2,"7":1,"8":1,"9":2,"10":15,"11":8,"12":7,"13":15,"14":1,"15":4,"16":4,"17":1,"18":3,"19":3,"20":1,"21":2,"22":6,"23":4,"24":36,"25":36,"26":12,"27":24,"28":4,"29":1,"30":4,"31":1,"32":1},"b":{"1":[1,0],"2":[1,1],"3":[0,0],"4":[0,0],"5":[0,0],"6":[2,1],"7":[2,1],"8":[3,2],"9":[8,7],"10":[15,13],"11":[1,3],"12":[1,2],"13":[12,24],"14":[36,32]},"f":{"1":1,"2":1,"3":3,"4":2,"5":15,"6":4,"7":3,"8":6,"9":4},"fnMap":{"1":{"name":"(anonymous_1)","line":7,"loc":{"start":{"line":7,"column":1},"end":{"line":7,"column":28}}},"2":{"name":"(anonymous_2)","line":11,"loc":{"start":{"line":11,"column":9},"end":{"line":11,"column":28}}},"3":{"name":"pushUnique","line":13,"loc":{"start":{"line":13,"column":0},"end":{"line":13,"column":35}}},"4":{"name":"groupSequence","line":23,"loc":{"start":{"line":23,"column":0},"end":{"line":23,"column":35}}},"5":{"name":"(anonymous_5)","line":26,"loc":{"start":{"line":26,"column":19},"end":{"line":26,"column":53}}},"6":{"name":"replaceNull","line":39,"loc":{"start":{"line":39,"column":0},"end":{"line":39,"column":34}}},"7":{"name":"(anonymous_7)","line":44,"loc":{"start":{"line":44,"column":12},"end":{"line":44,"column":25}}},"8":{"name":"(anonymous_8)","line":50,"loc":{"start":{"line":50,"column":12},"end":{"line":50,"column":22}}},"9":{"name":"array","line":63,"loc":{"start":{"line":63,"column":0},"end":{"line":63,"column":19}}}},"statementMap":{"1":{"start":{"line":7,"column":0},"end":{"line":75,"column":5}},"2":{"start":{"line":8,"column":1},"end":{"line":10,"column":42}},"3":{"start":{"line":13,"column":0},"end":{"line":22,"column":1}},"4":{"start":{"line":14,"column":1},"end":{"line":14,"column":52}},"5":{"start":{"line":15,"column":1},"end":{"line":21,"column":2}},"6":{"start":{"line":16,"column":2},"end":{"line":16,"column":23}},"7":{"start":{"line":20,"column":2},"end":{"line":20,"column":20}},"8":{"start":{"line":23,"column":0},"end":{"line":38,"column":1}},"9":{"start":{"line":26,"column":1},"end":{"line":37,"column":7}},"10":{"start":{"line":28,"column":2},"end":{"line":35,"column":3}},"11":{"start":{"line":30,"column":3},"end":{"line":30,"column":39}},"12":{"start":{"line":34,"column":3},"end":{"line":34,"column":24}},"13":{"start":{"line":36,"column":2},"end":{"line":36,"column":16}},"14":{"start":{"line":39,"column":0},"end":{"line":62,"column":1}},"15":{"start":{"line":42,"column":1},"end":{"line":42,"column":25}},"16":{"start":{"line":43,"column":1},"end":{"line":51,"column":2}},"17":{"start":{"line":44,"column":2},"end":{"line":44,"column":46}},"18":{"start":{"line":44,"column":26},"end":{"line":44,"column":44}},"19":{"start":{"line":46,"column":6},"end":{"line":51,"column":2}},"20":{"start":{"line":47,"column":2},"end":{"line":47,"column":21}},"21":{"start":{"line":50,"column":2},"end":{"line":50,"column":40}},"22":{"start":{"line":50,"column":23},"end":{"line":50,"column":38}},"23":{"start":{"line":52,"column":1},"end":{"line":60,"column":2}},"24":{"start":{"line":53,"column":2},"end":{"line":53,"column":11}},"25":{"start":{"line":54,"column":2},"end":{"line":59,"column":3}},"26":{"start":{"line":55,"column":3},"end":{"line":55,"column":31}},"27":{"start":{"line":58,"column":3},"end":{"line":58,"column":18}},"28":{"start":{"line":61,"column":1},"end":{"line":61,"column":15}},"29":{"start":{"line":63,"column":0},"end":{"line":69,"column":1}},"30":{"start":{"line":64,"column":1},"end":{"line":68,"column":3}},"31":{"start":{"line":71,"column":0},"end":{"line":71,"column":22}},"32":{"start":{"line":73,"column":0},"end":{"line":73,"column":62}}},"branchMap":{"1":{"line":8,"type":"cond-expr","locations":[{"start":{"line":8,"column":64},"end":{"line":8,"column":80}},{"start":{"line":9,"column":1},"end":{"line":10,"column":41}}]},"2":{"line":8,"type":"binary-expr","locations":[{"start":{"line":8,"column":1},"end":{"line":8,"column":28}},{"start":{"line":8,"column":32},"end":{"line":8,"column":61}}]},"3":{"line":9,"type":"cond-expr","locations":[{"start":{"line":9,"column":46},"end":{"line":9,"column":74}},{"start":{"line":10,"column":2},"end":{"line":10,"column":40}}]},"4":{"line":9,"type":"binary-expr","locations":[{"start":{"line":9,"column":1},"end":{"line":9,"column":29}},{"start":{"line":9,"column":33},"end":{"line":9,"column":43}}]},"5":{"line":10,"type":"binary-expr","locations":[{"start":{"line":10,"column":23},"end":{"line":10,"column":32}},{"start":{"line":10,"column":36},"end":{"line":10,"column":38}}]},"6":{"line":14,"type":"cond-expr","locations":[{"start":{"line":14,"column":37},"end":{"line":14,"column":41}},{"start":{"line":14,"column":42},"end":{"line":14,"column":50}}]},"7":{"line":15,"type":"if","locations":[{"start":{"line":15,"column":1},"end":{"line":15,"column":1}},{"start":{"line":15,"column":1},"end":{"line":15,"column":1}}]},"8":{"line":15,"type":"binary-expr","locations":[{"start":{"line":15,"column":4},"end":{"line":15,"column":11}},{"start":{"line":15,"column":15},"end":{"line":15,"column":36}}]},"9":{"line":28,"type":"if","locations":[{"start":{"line":28,"column":2},"end":{"line":28,"column":2}},{"start":{"line":28,"column":2},"end":{"line":28,"column":2}}]},"10":{"line":28,"type":"binary-expr","locations":[{"start":{"line":28,"column":5},"end":{"line":28,"column":10}},{"start":{"line":28,"column":12},"end":{"line":28,"column":41}}]},"11":{"line":43,"type":"if","locations":[{"start":{"line":43,"column":1},"end":{"line":43,"column":1}},{"start":{"line":43,"column":1},"end":{"line":43,"column":1}}]},"12":{"line":46,"type":"if","locations":[{"start":{"line":46,"column":6},"end":{"line":46,"column":6}},{"start":{"line":46,"column":6},"end":{"line":46,"column":6}}]},"13":{"line":54,"type":"if","locations":[{"start":{"line":54,"column":2},"end":{"line":54,"column":2}},{"start":{"line":54,"column":2},"end":{"line":54,"column":2}}]},"14":{"line":54,"type":"binary-expr","locations":[{"start":{"line":54,"column":6},"end":{"line":54,"column":14}},{"start":{"line":54,"column":16},"end":{"line":54,"column":38}}]}}}}