TN:
SF:C:\Applic\Server\DBNode-4.0.0-beta-3\htdocs\__Projects\utilities\submodules\xassist-array\dist\xAssist-array.js
FN:4,(anonymous_1)
FN:8,(anonymous_2)
FN:10,pushUnique
FN:20,groupSequence
FN:23,(anonymous_5)
FN:36,replaceNull
FN:41,(anonymous_7)
FN:47,(anonymous_8)
FN:59,array
FNF:9
FNH:9
FNDA:1,(anonymous_1)
FNDA:1,(anonymous_2)
FNDA:3,pushUnique
FNDA:2,groupSequence
FNDA:15,(anonymous_5)
FNDA:4,replaceNull
FNDA:3,(anonymous_7)
FNDA:6,(anonymous_8)
FNDA:4,array
DA:4,1
DA:5,1
DA:10,1
DA:11,3
DA:12,3
DA:13,2
DA:17,1
DA:20,1
DA:23,2
DA:25,15
DA:27,8
DA:31,7
DA:33,15
DA:36,1
DA:39,4
DA:40,4
DA:41,3
DA:43,3
DA:44,1
DA:47,6
DA:49,4
DA:50,36
DA:51,36
DA:52,12
DA:55,24
DA:57,4
DA:59,1
DA:60,4
DA:67,1
DA:69,1
LF:30
LH:30
BRDA:5,1,0,1
BRDA:5,1,1,0
BRDA:5,2,0,1
BRDA:5,2,1,1
BRDA:6,3,0,0
BRDA:6,3,1,0
BRDA:6,4,0,0
BRDA:6,4,1,0
BRDA:7,5,0,0
BRDA:7,5,1,0
BRDA:11,6,0,2
BRDA:11,6,1,1
BRDA:12,7,0,2
BRDA:12,7,1,1
BRDA:12,8,0,3
BRDA:12,8,1,2
BRDA:25,9,0,8
BRDA:25,9,1,7
BRDA:25,10,0,15
BRDA:25,10,1,13
BRDA:40,11,0,1
BRDA:40,11,1,3
BRDA:43,12,0,1
BRDA:43,12,1,2
BRDA:51,13,0,12
BRDA:51,13,1,24
BRDA:51,14,0,36
BRDA:51,14,1,32
BRF:28
BRH:21
end_of_record
