TN:
SF:C:\Applic\Server\DBNode-4.0.0-beta-3\htdocs\__Projects\utilities\submodules\xassist-array\dist\xAssist-array.js
FN:7,(anonymous_1)
FN:11,(anonymous_2)
FN:13,pushUnique
FN:23,groupSequence
FN:26,(anonymous_5)
FN:39,replaceNull
FN:44,(anonymous_7)
FN:50,(anonymous_8)
FN:63,array
FNF:9
FNH:9
FNDA:1,(anonymous_1)
FNDA:1,(anonymous_2)
FNDA:3,pushUnique
FNDA:2,groupSequence
FNDA:15,(anonymous_5)
FNDA:4,replaceNull
FNDA:3,(anonymous_7)
FNDA:6,(anonymous_8)
FNDA:4,array
DA:7,1
DA:8,1
DA:13,1
DA:14,3
DA:15,3
DA:16,2
DA:20,1
DA:23,1
DA:26,2
DA:28,15
DA:30,8
DA:34,7
DA:36,15
DA:39,1
DA:42,4
DA:43,4
DA:44,3
DA:46,3
DA:47,1
DA:50,6
DA:52,4
DA:53,36
DA:54,36
DA:55,12
DA:58,24
DA:61,4
DA:63,1
DA:64,4
DA:71,1
DA:73,1
LF:30
LH:30
BRDA:8,1,0,1
BRDA:8,1,1,0
BRDA:8,2,0,1
BRDA:8,2,1,1
BRDA:9,3,0,0
BRDA:9,3,1,0
BRDA:9,4,0,0
BRDA:9,4,1,0
BRDA:10,5,0,0
BRDA:10,5,1,0
BRDA:14,6,0,2
BRDA:14,6,1,1
BRDA:15,7,0,2
BRDA:15,7,1,1
BRDA:15,8,0,3
BRDA:15,8,1,2
BRDA:28,9,0,8
BRDA:28,9,1,7
BRDA:28,10,0,15
BRDA:28,10,1,13
BRDA:43,11,0,1
BRDA:43,11,1,3
BRDA:46,12,0,1
BRDA:46,12,1,2
BRDA:54,13,0,12
BRDA:54,13,1,24
BRDA:54,14,0,36
BRDA:54,14,1,32
BRF:28
BRH:21
end_of_record
